<?xml version='1.0'?>
<ns2:test-suite xmlns:ns2='urn:model.allure.qatools.yandex.ru' start='1628473288065' stop='1628473288531'>
    <name>Functionality</name>
    <title>Functionality</title>
    <test-cases>
        <test-case start='1628473288067' status='broken' stop='1628473288140'>
            <name>Clicking Rating button redirects to </name>
            <title>Clicking Rating button redirects to </title>
            <labels>
                <label name='language' value='javascript'/>
                <label name='framework' value='wdio'/>
                <label name='thread' value='0-0'/>
            </labels>
            <parameters>
                <parameter kind='argument' name='browser' value='chrome-92.0.4515.131'/>
            </parameters>
            <steps>
                <step start='1628473288070' status='broken' stop='1628473288140'>
                    <name>POST /session/:sessionId/element</name>
                    <title>POST /session/:sessionId/element</title>
                    <attachments>
                        <attachment title='Request' source='78e108ba-a1d2-46ca-b3f3-790247efcc58-attachment.json' type='application/json' size='52'/>
                    </attachments>
                    <steps>
                        <step start='1628473288108' status='broken' stop='1628473288140'>
                            <name>GET /session/:sessionId/screenshot</name>
                            <title>GET /session/:sessionId/screenshot</title>
                            <attachments/>
                            <steps/>
                        </step>
                    </steps>
                </step>
            </steps>
            <attachments/>
            <failure>
                <message>no such window: target window already closed
                from unknown error: web view not found
                  (Session info: chrome=92.0.4515.131)</message>
                <stack-trace>no such window: target window already closed
                from unknown error: web view not found
                  (Session info: chrome=92.0.4515.131)
                    at processTicksAndRejections (internal/process/task_queues.js:95:5)
                    at Browser.&lt;anonymous> (/Users/lazizaziadullaeva/Documents/IT School/authomationcourse/node_modules/@wdio/runner/node_modules/@wdio/utils/build/shim.js:219:24)
                    at $ (/Users/lazizaziadullaeva/Documents/IT School/authomationcourse/node_modules/@wdio/runner/build/index.js:189:42)
                    at Context.&lt;anonymous> (/Users/lazizaziadullaeva/Documents/IT School/authomationcourse/test/specs/regression/header.js:34:9)</stack-trace>
            </failure>
        </test-case>
        <test-case start='1628473288140' status='broken' stop='1628473288286'>
            <name>Rating page is displayed after the redirect</name>
            <title>Rating page is displayed after the redirect</title>
            <labels>
                <label name='language' value='javascript'/>
                <label name='framework' value='wdio'/>
                <label name='thread' value='0-0'/>
            </labels>
            <parameters>
                <parameter kind='argument' name='browser' value='chrome-92.0.4515.131'/>
            </parameters>
            <steps>
                <step start='1628473288145' status='broken' stop='1628473288286'>
                    <name>POST /session/:sessionId/element</name>
                    <title>POST /session/:sessionId/element</title>
                    <attachments>
                        <attachment title='Request' source='ef44c90e-b077-4e25-83c5-8c19926f3ccf-attachment.json' type='application/json' size='52'/>
                    </attachments>
                    <steps>
                        <step start='1628473288183' status='broken' stop='1628473288286'>
                            <name>GET /session/:sessionId/screenshot</name>
                            <title>GET /session/:sessionId/screenshot</title>
                            <attachments/>
                            <steps/>
                        </step>
                    </steps>
                </step>
            </steps>
            <attachments/>
            <failure>
                <message>no such window: target window already closed
                from unknown error: web view not found
                  (Session info: chrome=92.0.4515.131)</message>
                <stack-trace>no such window: target window already closed
                from unknown error: web view not found
                  (Session info: chrome=92.0.4515.131)
                    at processTicksAndRejections (internal/process/task_queues.js:95:5)
                    at Browser.&lt;anonymous> (/Users/lazizaziadullaeva/Documents/IT School/authomationcourse/node_modules/@wdio/runner/node_modules/@wdio/utils/build/shim.js:219:24)
                    at $ (/Users/lazizaziadullaeva/Documents/IT School/authomationcourse/node_modules/@wdio/runner/build/index.js:189:42)
                    at Context.&lt;anonymous> (/Users/lazizaziadullaeva/Documents/IT School/authomationcourse/test/specs/regression/header.js:39:22)</stack-trace>
            </failure>
        </test-case>
        <test-case start='1628473288286' status='broken' stop='1628473288349'>
            <name>Clicking Public Game redirects to </name>
            <title>Clicking Public Game redirects to </title>
            <labels>
                <label name='language' value='javascript'/>
                <label name='framework' value='wdio'/>
                <label name='thread' value='0-0'/>
            </labels>
            <parameters>
                <parameter kind='argument' name='browser' value='chrome-92.0.4515.131'/>
            </parameters>
            <steps>
                <step start='1628473288287' status='broken' stop='1628473288349'>
                    <name>POST /session/:sessionId/element</name>
                    <title>POST /session/:sessionId/element</title>
                    <attachments>
                        <attachment title='Request' source='fca6b0ab-4c4c-4c26-9be2-9294e9863fd0-attachment.json' type='application/json' size='53'/>
                    </attachments>
                    <steps>
                        <step start='1628473288323' status='broken' stop='1628473288349'>
                            <name>GET /session/:sessionId/screenshot</name>
                            <title>GET /session/:sessionId/screenshot</title>
                            <attachments/>
                            <steps/>
                        </step>
                    </steps>
                </step>
            </steps>
            <attachments/>
            <failure>
                <message>no such window: target window already closed
                from unknown error: web view not found
                  (Session info: chrome=92.0.4515.131)</message>
                <stack-trace>no such window: target window already closed
                from unknown error: web view not found
                  (Session info: chrome=92.0.4515.131)
                    at processTicksAndRejections (internal/process/task_queues.js:95:5)
                    at Browser.&lt;anonymous> (/Users/lazizaziadullaeva/Documents/IT School/authomationcourse/node_modules/@wdio/runner/node_modules/@wdio/utils/build/shim.js:219:24)
                    at $ (/Users/lazizaziadullaeva/Documents/IT School/authomationcourse/node_modules/@wdio/runner/build/index.js:189:42)
                    at Context.&lt;anonymous> (/Users/lazizaziadullaeva/Documents/IT School/authomationcourse/test/specs/regression/header.js:44:9)</stack-trace>
            </failure>
        </test-case>
        <test-case start='1628473288354' status='broken' stop='1628473288391'>
            <name>Public game page is displayed after the redirect</name>
            <title>Public game page is displayed after the redirect</title>
            <labels>
                <label name='language' value='javascript'/>
                <label name='framework' value='wdio'/>
                <label name='thread' value='0-0'/>
            </labels>
            <parameters>
                <parameter kind='argument' name='browser' value='chrome-92.0.4515.131'/>
            </parameters>
            <steps>
                <step start='1628473288354' status='broken' stop='1628473288391'>
                    <name>POST /session/:sessionId/element</name>
                    <title>POST /session/:sessionId/element</title>
                    <attachments>
                        <attachment title='Request' source='14e09a54-d1cd-448e-abb2-1e0a049475ed-attachment.json' type='application/json' size='56'/>
                    </attachments>
                    <steps>
                        <step start='1628473288377' status='broken' stop='1628473288391'>
                            <name>GET /session/:sessionId/screenshot</name>
                            <title>GET /session/:sessionId/screenshot</title>
                            <attachments/>
                            <steps/>
                        </step>
                    </steps>
                </step>
            </steps>
            <attachments/>
            <failure>
                <message>no such window: target window already closed
                from unknown error: web view not found
                  (Session info: chrome=92.0.4515.131)</message>
                <stack-trace>no such window: target window already closed
                from unknown error: web view not found
                  (Session info: chrome=92.0.4515.131)
                    at runMicrotasks (&lt;anonymous>)
                    at processTicksAndRejections (internal/process/task_queues.js:95:5)
                    at Browser.&lt;anonymous> (/Users/lazizaziadullaeva/Documents/IT School/authomationcourse/node_modules/@wdio/runner/node_modules/@wdio/utils/build/shim.js:219:24)
                    at $ (/Users/lazizaziadullaeva/Documents/IT School/authomationcourse/node_modules/@wdio/runner/build/index.js:189:42)
                    at Context.&lt;anonymous> (/Users/lazizaziadullaeva/Documents/IT School/authomationcourse/test/specs/regression/header.js:49:22)</stack-trace>
            </failure>
        </test-case>
        <test-case start='1628473288391' status='broken' stop='1628473288426'>
            <name>If navigate to http://qa.maf.place/forgot, Back to Login button is displayed in Header.</name>
            <title>If navigate to http://qa.maf.place/forgot, Back to Login button is displayed in Header.</title>
            <labels>
                <label name='language' value='javascript'/>
                <label name='framework' value='wdio'/>
                <label name='thread' value='0-0'/>
            </labels>
            <parameters>
                <parameter kind='argument' name='browser' value='chrome-92.0.4515.131'/>
            </parameters>
            <steps>
                <step start='1628473288393' status='broken' stop='1628473288426'>
                    <name>POST /session/:sessionId/url</name>
                    <title>POST /session/:sessionId/url</title>
                    <attachments>
                        <attachment title='Request' source='032ab9de-81df-4ce0-8744-0a391cced3d8-attachment.json' type='application/json' size='41'/>
                    </attachments>
                    <steps>
                        <step start='1628473288411' status='broken' stop='1628473288426'>
                            <name>GET /session/:sessionId/screenshot</name>
                            <title>GET /session/:sessionId/screenshot</title>
                            <attachments/>
                            <steps/>
                        </step>
                    </steps>
                </step>
            </steps>
            <attachments/>
            <failure>
                <message>no such window: target window already closed
                from unknown error: web view not found
                  (Session info: chrome=92.0.4515.131)</message>
                <stack-trace>no such window: target window already closed
                from unknown error: web view not found
                  (Session info: chrome=92.0.4515.131)
                    at runMicrotasks (&lt;anonymous>)
                    at processTicksAndRejections (internal/process/task_queues.js:95:5)
                    at Browser.url (/Users/lazizaziadullaeva/Documents/IT School/authomationcourse/node_modules/@wdio/runner/node_modules/@wdio/utils/build/shim.js:219:24)
                    at Context.&lt;anonymous> (/Users/lazizaziadullaeva/Documents/IT School/authomationcourse/test/specs/regression/header.js:54:17)</stack-trace>
            </failure>
        </test-case>
        <test-case start='1628473288430' status='broken' stop='1628473288480'>
            <name>Clicking Back to Login button redirects to </name>
            <title>Clicking Back to Login button redirects to </title>
            <labels>
                <label name='language' value='javascript'/>
                <label name='framework' value='wdio'/>
                <label name='thread' value='0-0'/>
            </labels>
            <parameters>
                <parameter kind='argument' name='browser' value='chrome-92.0.4515.131'/>
            </parameters>
            <steps>
                <step start='1628473288431' status='broken' stop='1628473288480'>
                    <name>POST /session/:sessionId/element</name>
                    <title>POST /session/:sessionId/element</title>
                    <attachments>
                        <attachment title='Request' source='88eb3cf0-8c90-4fc3-8a0e-cffc256bdab2-attachment.json' type='application/json' size='54'/>
                    </attachments>
                    <steps>
                        <step start='1628473288459' status='broken' stop='1628473288480'>
                            <name>GET /session/:sessionId/screenshot</name>
                            <title>GET /session/:sessionId/screenshot</title>
                            <attachments/>
                            <steps/>
                        </step>
                    </steps>
                </step>
            </steps>
            <attachments/>
            <failure>
                <message>no such window: target window already closed
                from unknown error: web view not found
                  (Session info: chrome=92.0.4515.131)</message>
                <stack-trace>no such window: target window already closed
                from unknown error: web view not found
                  (Session info: chrome=92.0.4515.131)
                    at runMicrotasks (&lt;anonymous>)
                    at processTicksAndRejections (internal/process/task_queues.js:95:5)
                    at Browser.&lt;anonymous> (/Users/lazizaziadullaeva/Documents/IT School/authomationcourse/node_modules/@wdio/runner/node_modules/@wdio/utils/build/shim.js:219:24)
                    at $ (/Users/lazizaziadullaeva/Documents/IT School/authomationcourse/node_modules/@wdio/runner/build/index.js:189:42)
                    at Context.&lt;anonymous> (/Users/lazizaziadullaeva/Documents/IT School/authomationcourse/test/specs/regression/header.js:60:9)</stack-trace>
            </failure>
        </test-case>
        <test-case start='1628473288480' status='broken' stop='1628473288528'>
            <name>Login page is displayed after the redirect.</name>
            <title>Login page is displayed after the redirect.</title>
            <labels>
                <label name='language' value='javascript'/>
                <label name='framework' value='wdio'/>
                <label name='thread' value='0-0'/>
            </labels>
            <parameters>
                <parameter kind='argument' name='browser' value='chrome-92.0.4515.131'/>
            </parameters>
            <steps>
                <step start='1628473288481' status='broken' stop='1628473288528'>
                    <name>POST /session/:sessionId/element</name>
                    <title>POST /session/:sessionId/element</title>
                    <attachments>
                        <attachment title='Request' source='b0c4a3e9-6a7b-4a73-9a0c-b25df98b582a-attachment.json' type='application/json' size='57'/>
                    </attachments>
                    <steps>
                        <step start='1628473288507' status='broken' stop='1628473288528'>
                            <name>GET /session/:sessionId/screenshot</name>
                            <title>GET /session/:sessionId/screenshot</title>
                            <attachments/>
                            <steps/>
                        </step>
                    </steps>
                </step>
            </steps>
            <attachments/>
            <failure>
                <message>no such window: target window already closed
                from unknown error: web view not found
                  (Session info: chrome=92.0.4515.131)</message>
                <stack-trace>no such window: target window already closed
                from unknown error: web view not found
                  (Session info: chrome=92.0.4515.131)
                    at runMicrotasks (&lt;anonymous>)
                    at processTicksAndRejections (internal/process/task_queues.js:95:5)
                    at Browser.&lt;anonymous> (/Users/lazizaziadullaeva/Documents/IT School/authomationcourse/node_modules/@wdio/runner/node_modules/@wdio/utils/build/shim.js:219:24)
                    at $ (/Users/lazizaziadullaeva/Documents/IT School/authomationcourse/node_modules/@wdio/runner/build/index.js:189:42)
                    at Context.&lt;anonymous> (/Users/lazizaziadullaeva/Documents/IT School/authomationcourse/test/specs/regression/header.js:65:22)</stack-trace>
            </failure>
        </test-case>
    </test-cases>
</ns2:test-suite>