<?xml version='1.0'?>
<ns2:test-suite xmlns:ns2='urn:model.allure.qatools.yandex.ru' start='1628456248118' stop='1628456248336'>
    <name>Values</name>
    <title>Values</title>
    <test-cases>
        <test-case start='1628456248118' status='broken' stop='1628456248226'>
            <name>Email placeholder</name>
            <title>Email placeholder</title>
            <labels>
                <label name='language' value='javascript'/>
                <label name='framework' value='wdio'/>
                <label name='thread' value='0-0'/>
            </labels>
            <parameters>
                <parameter kind='argument' name='browser' value='chrome-92.0.4515.131'/>
            </parameters>
            <steps>
                <step start='1628456248119' status='broken' stop='1628456248226'>
                    <name>POST /session/:sessionId/element</name>
                    <title>POST /session/:sessionId/element</title>
                    <attachments>
                        <attachment title='Request' source='98698310-f443-4c6d-998c-4cf1fc498d3f-attachment.json' type='application/json' size='50'/>
                    </attachments>
                    <steps>
                        <step start='1628456248168' status='broken' stop='1628456248226'>
                            <name>GET /session/:sessionId/screenshot</name>
                            <title>GET /session/:sessionId/screenshot</title>
                            <attachments/>
                            <steps/>
                        </step>
                    </steps>
                </step>
            </steps>
            <attachments/>
            <failure>
                <message>no such window: window was already closed
                  (Session info: chrome=92.0.4515.131)</message>
                <stack-trace>no such window: window was already closed
                  (Session info: chrome=92.0.4515.131)
                    at processTicksAndRejections (internal/process/task_queues.js:95:5)
                    at Browser.&lt;anonymous> (/Users/lazizaziadullaeva/Documents/IT School/authomationcourse/node_modules/@wdio/runner/node_modules/@wdio/utils/build/shim.js:219:24)
                    at $ (/Users/lazizaziadullaeva/Documents/IT School/authomationcourse/node_modules/@wdio/runner/build/index.js:189:42)
                    at Forgot.emailField (/Users/lazizaziadullaeva/Documents/IT School/authomationcourse/test/classes/pages/forgot.page.js:25:31)
                    at Forgot.checkEmailPlaceholder (/Users/lazizaziadullaeva/Documents/IT School/authomationcourse/test/classes/pages/forgot.page.js:48:21)
                    at Context.&lt;anonymous> (/Users/lazizaziadullaeva/Documents/IT School/authomationcourse/test/specs/regression/forgot.js:28:16)</stack-trace>
            </failure>
        </test-case>
        <test-case start='1628456248226' status='broken' stop='1628456248334'>
            <name>Value-RemindPassword</name>
            <title>Value-RemindPassword</title>
            <labels>
                <label name='language' value='javascript'/>
                <label name='framework' value='wdio'/>
                <label name='thread' value='0-0'/>
            </labels>
            <parameters>
                <parameter kind='argument' name='browser' value='chrome-92.0.4515.131'/>
            </parameters>
            <steps>
                <step start='1628456248227' status='broken' stop='1628456248334'>
                    <name>POST /session/:sessionId/element</name>
                    <title>POST /session/:sessionId/element</title>
                    <attachments>
                        <attachment title='Request' source='4b6abf4c-02ed-4ecc-9a53-5efbbdfffbdc-attachment.json' type='application/json' size='55'/>
                    </attachments>
                    <steps>
                        <step start='1628456248295' status='broken' stop='1628456248334'>
                            <name>GET /session/:sessionId/screenshot</name>
                            <title>GET /session/:sessionId/screenshot</title>
                            <attachments/>
                            <steps/>
                        </step>
                    </steps>
                </step>
            </steps>
            <attachments/>
            <failure>
                <message>no such window: window was already closed
                  (Session info: chrome=92.0.4515.131)</message>
                <stack-trace>no such window: window was already closed
                  (Session info: chrome=92.0.4515.131)
                    at processTicksAndRejections (internal/process/task_queues.js:95:5)
                    at Browser.&lt;anonymous> (/Users/lazizaziadullaeva/Documents/IT School/authomationcourse/node_modules/@wdio/runner/node_modules/@wdio/utils/build/shim.js:219:24)
                    at $ (/Users/lazizaziadullaeva/Documents/IT School/authomationcourse/node_modules/@wdio/runner/build/index.js:189:42)
                    at Forgot.buttonRemPassword (/Users/lazizaziadullaeva/Documents/IT School/authomationcourse/test/classes/pages/forgot.page.js:24:38)
                    at Forgot.checkButtonRemPasswordValue (/Users/lazizaziadullaeva/Documents/IT School/authomationcourse/test/classes/pages/forgot.page.js:52:21)
                    at Context.&lt;anonymous> (/Users/lazizaziadullaeva/Documents/IT School/authomationcourse/test/specs/regression/forgot.js:32:16)</stack-trace>
            </failure>
        </test-case>
    </test-cases>
</ns2:test-suite>